<?xml version="1.0" encoding="UTF-8"?>
<!-- Generated by org.testng.reporters.JUnitXMLReporter -->
<testsuite ignored="0" hostname="DESKTOP-HPG8MBS" failures="0" tests="1" name="Test" time="0.14" errors="0" timestamp="2025-05-18T13:37:03 IST">
  <testcase classname="testBase.BaseClass" name="@BeforeClass setup" time="0.022">
    <failure type="java.io.FileNotFoundException" message="F:\AutomationProject_Workspace\Opencartconfig.properties (The system cannot find the file specified)">
      <![CDATA[java.io.FileNotFoundException: F:\AutomationProject_Workspace\Opencartconfig.properties (The system cannot find the file specified)
at java.base/java.io.FileInputStream.open0(Native Method)
at java.base/java.io.FileInputStream.open(FileInputStream.java:219)
at java.base/java.io.FileInputStream.<init>(FileInputStream.java:159)
at java.base/java.io.FileInputStream.<init>(FileInputStream.java:112)
at testBase.BaseClass.setup(BaseClass.java:35)
at java.base/java.util.ArrayList.forEach(ArrayList.java:1597)
... Removed 23 stack frames]]>
    </failure>
  </testcase> <!-- @BeforeClass setup -->
  <testcase classname="testBase.BaseClass" name="@AfterClass tearDown" time="0.0">
    <skipped/>
  </testcase> <!-- @AfterClass tearDown -->
  <testcase classname="testCases.TC001_AccountRegistrationTest" name="verifyAccountRegistration" time="0.001">
    <skipped/>
  </testcase> <!-- verifyAccountRegistration -->
</testsuite> <!-- Test -->
